<?xml version="1.0" encoding="UTF-8"?>
<!-- Generated by org.testng.reporters.JUnitReportReporter -->
<testsuite skipped="0" hostname="MIRITDLTNILM1" name="jpay.testcases.facility.MonthlyTotalsReportPage" tests="6" failures="0" timestamp="23 Jan 2020 16:05:07 GMT" time="16.494" errors="0">
  <testcase name="validateMonthlyTotalsReportPage" time="6.946" classname="jpay.testcases.facility.MonthlyTotalsReportPage"/>
  <testcase name="generateMonthlyReport" time="3.077" classname="jpay.testcases.facility.MonthlyTotalsReportPage"/>
  <testcase name="downloadMonthlyReport" time="0.164" classname="jpay.testcases.facility.MonthlyTotalsReportPage"/>
  <testcase name="validateWeeklyDepositReport" time="0.526" classname="jpay.testcases.facility.MonthlyTotalsReportPage"/>
  <testcase name="viewWeeklyDepositReport" time="5.566" classname="jpay.testcases.facility.MonthlyTotalsReportPage"/>
  <testcase name="downWeeklyDepositReport" time="0.215" classname="jpay.testcases.facility.MonthlyTotalsReportPage"/>
</testsuite> <!-- jpay.testcases.facility.MonthlyTotalsReportPage -->
