<?xml version="1.0" encoding="UTF-8"?>
<!-- Generated by org.testng.reporters.JUnitReportReporter -->
<testsuite skipped="0" hostname="MIRITDLTNILM1" name="jpay.testcases.facility.LoginJSON" tests="2" failures="0" timestamp="23 Jan 2020 16:05:07 GMT" time="13.408" errors="0">
  <testcase name="userLogin" time="6.728" classname="jpay.testcases.facility.LoginJSON"/>
  <testcase name="userLogin" time="6.680" classname="jpay.testcases.facility.LoginJSON"/>
</testsuite> <!-- jpay.testcases.facility.LoginJSON -->
