<?xml version="1.0" encoding="UTF-8"?>
<!-- Generated by org.testng.reporters.JUnitReportReporter -->
<testsuite skipped="0" hostname="MIRITDLTNILM1" name="jpay.testcases.www.HomePageValidation" tests="1" failures="0" timestamp="12 Nov 2019 13:11:58 GMT" time="5.984" errors="0">
  <testcase name="validateHomePage" time="5.984" classname="jpay.testcases.www.HomePageValidation"/>
</testsuite> <!-- jpay.testcases.www.HomePageValidation -->
