<?xml version="1.0" encoding="UTF-8"?>
<!-- Generated by org.testng.reporters.JUnitReportReporter -->
<testsuite skipped="0" hostname="MIRITDLTNILM1" name="jpay.testcases.www.HomePage" tests="2" failures="0" timestamp="23 Jan 2020 16:05:07 GMT" time="30.021" errors="0">
  <testcase name="validateHomePage" time="6.479" classname="jpay.testcases.www.HomePage"/>
  <testcase name="validateFooterLinks" time="23.542" classname="jpay.testcases.www.HomePage"/>
</testsuite> <!-- jpay.testcases.www.HomePage -->
