<?xml version="1.0" encoding="UTF-8"?>
<!-- Generated by org.testng.reporters.JUnitReportReporter -->
<testsuite skipped="0" hostname="MIRITDLTNILM1" name="jpay.testcases.facility.LoginFacilityTests" tests="6" failures="0" timestamp="12 Nov 2019 04:25:37 GMT" time="42.752" errors="0">
  <testcase name="userEmptyLogin" time="6.145" classname="jpay.testcases.facility.LoginFacilityTests"/>
  <testcase name="passwordEmptyLogin" time="7.563" classname="jpay.testcases.facility.LoginFacilityTests"/>
  <testcase name="pinEmptyLogin" time="6.253" classname="jpay.testcases.facility.LoginFacilityTests"/>
  <testcase name="forgotPassword" time="6.125" classname="jpay.testcases.facility.LoginFacilityTests"/>
  <testcase name="forgotUsername" time="6.156" classname="jpay.testcases.facility.LoginFacilityTests"/>
  <testcase name="userLogin" time="10.510" classname="jpay.testcases.facility.LoginFacilityTests"/>
</testsuite> <!-- jpay.testcases.facility.LoginFacilityTests -->
