<?xml version="1.0" encoding="UTF-8"?>
<!-- Generated by org.testng.reporters.JUnitReportReporter -->
<testsuite skipped="0" hostname="MIRITDLTNILM1" name="jpay.testcases.facility.MoneyPage" tests="6" failures="0" timestamp="23 Jan 2020 16:05:07 GMT" time="11.247" errors="0">
  <testcase name="moneyPageValidation" time="6.458" classname="jpay.testcases.facility.MoneyPage"/>
  <testcase name="despositHistory" time="0.047" classname="jpay.testcases.facility.MoneyPage"/>
  <testcase name="checkBatch" time="0.475" classname="jpay.testcases.facility.MoneyPage"/>
  <testcase name="checkReport" time="0.352" classname="jpay.testcases.facility.MoneyPage"/>
  <testcase name="checkExport" time="0.367" classname="jpay.testcases.facility.MoneyPage"/>
  <testcase name="checkReceipts" time="3.548" classname="jpay.testcases.facility.MoneyPage"/>
</testsuite> <!-- jpay.testcases.facility.MoneyPage -->
