<?xml version="1.0" encoding="UTF-8"?>
<!-- Generated by org.testng.reporters.JUnitReportReporter -->
<testsuite skipped="0" hostname="MIRITDLTNILM1" name="jpay.testcases.facility.SanityCheckProd" tests="19" failures="0" timestamp="11 Dec 2019 11:04:42 GMT" time="31.757" errors="0">
  <testcase name="loginPageValidation" time="6.336" classname="jpay.testcases.facility.SanityCheckProd"/>
  <testcase name="emptyUsername" time="0.904" classname="jpay.testcases.facility.SanityCheckProd"/>
  <testcase name="forgotPassword" time="0.737" classname="jpay.testcases.facility.SanityCheckProd"/>
  <testcase name="returnToLogin" time="0.175" classname="jpay.testcases.facility.SanityCheckProd"/>
  <testcase name="forgotUserName" time="0.859" classname="jpay.testcases.facility.SanityCheckProd"/>
  <testcase name="userLogin" time="0.811" classname="jpay.testcases.facility.SanityCheckProd"/>
  <testcase name="goToMoney" time="0.611" classname="jpay.testcases.facility.SanityCheckProd"/>
  <testcase name="despositHistory" time="0.049" classname="jpay.testcases.facility.SanityCheckProd"/>
  <testcase name="checkBatchLink" time="0.470" classname="jpay.testcases.facility.SanityCheckProd"/>
  <testcase name="checkBatchDateLink" time="3.219" classname="jpay.testcases.facility.SanityCheckProd"/>
  <testcase name="exportAccountSummaryFile" time="1.118" classname="jpay.testcases.facility.SanityCheckProd"/>
  <testcase name="checkNumBatch" time="0.231" classname="jpay.testcases.facility.SanityCheckProd"/>
  <testcase name="downloadAllReports" time="0.249" classname="jpay.testcases.facility.SanityCheckProd"/>
  <testcase name="reportDownload" time="0.259" classname="jpay.testcases.facility.SanityCheckProd"/>
  <testcase name="downloadReceipt" time="3.051" classname="jpay.testcases.facility.SanityCheckProd"/>
  <testcase name="validateWeeklyDepositReport" time="0.873" classname="jpay.testcases.facility.SanityCheckProd"/>
  <testcase name="viewWeeklyDepositReport" time="5.532" classname="jpay.testcases.facility.SanityCheckProd"/>
  <testcase name="downWeeklyDepositReport" time="0.126" classname="jpay.testcases.facility.SanityCheckProd"/>
  <testcase name="checkRecapReport" time="6.147" classname="jpay.testcases.facility.SanityCheckProd"/>
</testsuite> <!-- jpay.testcases.facility.SanityCheckProd -->
