<?xml version="1.0" encoding="UTF-8"?>
<!-- Generated by org.testng.reporters.JUnitReportReporter -->
<testsuite skipped="0" hostname="MIRITDLTNILM1" name="jpay.testcases.facility.LoginPage" tests="6" failures="0" timestamp="23 Jan 2020 16:05:07 GMT" time="9.541" errors="0">
  <testcase name="loginPageValidation" time="6.716" classname="jpay.testcases.facility.LoginPage"/>
  <testcase name="emptyUsername" time="0.662" classname="jpay.testcases.facility.LoginPage"/>
  <testcase name="forgotPassword" time="0.561" classname="jpay.testcases.facility.LoginPage"/>
  <testcase name="returnToLogin" time="0.097" classname="jpay.testcases.facility.LoginPage"/>
  <testcase name="forgotUserName" time="0.604" classname="jpay.testcases.facility.LoginPage"/>
  <testcase name="userLogin" time="0.901" classname="jpay.testcases.facility.LoginPage"/>
</testsuite> <!-- jpay.testcases.facility.LoginPage -->
