<?xml version="1.0" encoding="UTF-8"?>
<!-- Generated by org.testng.reporters.JUnitReportReporter -->
<testsuite skipped="0" hostname="MIRITDLTNILM1" name="jpay.testcases.facility.LoginJSON" tests="2" failures="0" timestamp="24 Feb 2020 14:19:32 GMT" time="13.779" errors="0">
  <testcase name="userLogin" time="6.695" classname="jpay.testcases.facility.LoginJSON"/>
  <testcase name="userLogin" time="7.084" classname="jpay.testcases.facility.LoginJSON"/>
</testsuite> <!-- jpay.testcases.facility.LoginJSON -->
