<?xml version="1.0" encoding="UTF-8"?>
<!-- Generated by org.testng.reporters.JUnitReportReporter -->
<testsuite skipped="0" hostname="MIRITDLTNILM1" name="jpay.testcases.facility.SanityCheckProd" tests="19" failures="0" timestamp="11 Dec 2019 14:40:30 GMT" time="38.688" errors="0">
  <testcase name="loginPageValidation" time="6.363" classname="jpay.testcases.facility.SanityCheckProd"/>
  <testcase name="emptyUsername" time="0.941" classname="jpay.testcases.facility.SanityCheckProd"/>
  <testcase name="forgotPassword" time="0.802" classname="jpay.testcases.facility.SanityCheckProd"/>
  <testcase name="returnToLogin" time="0.183" classname="jpay.testcases.facility.SanityCheckProd"/>
  <testcase name="forgotUserName" time="1.117" classname="jpay.testcases.facility.SanityCheckProd"/>
  <testcase name="userLogin" time="0.930" classname="jpay.testcases.facility.SanityCheckProd"/>
  <testcase name="goToMoney" time="0.712" classname="jpay.testcases.facility.SanityCheckProd"/>
  <testcase name="despositHistory" time="0.057" classname="jpay.testcases.facility.SanityCheckProd"/>
  <testcase name="checkBatchLink" time="0.495" classname="jpay.testcases.facility.SanityCheckProd"/>
  <testcase name="checkBatchDateLink" time="6.042" classname="jpay.testcases.facility.SanityCheckProd"/>
  <testcase name="exportAccountSummaryFile" time="1.436" classname="jpay.testcases.facility.SanityCheckProd"/>
  <testcase name="checkNumBatch" time="0.257" classname="jpay.testcases.facility.SanityCheckProd"/>
  <testcase name="downloadAllReports" time="0.644" classname="jpay.testcases.facility.SanityCheckProd"/>
  <testcase name="reportDownload" time="0.296" classname="jpay.testcases.facility.SanityCheckProd"/>
  <testcase name="downloadReceipt" time="5.801" classname="jpay.testcases.facility.SanityCheckProd"/>
  <testcase name="validateWeeklyDepositReport" time="0.902" classname="jpay.testcases.facility.SanityCheckProd"/>
  <testcase name="viewWeeklyDepositReport" time="5.577" classname="jpay.testcases.facility.SanityCheckProd"/>
  <testcase name="downWeeklyDepositReport" time="0.151" classname="jpay.testcases.facility.SanityCheckProd"/>
  <testcase name="checkRecapReport" time="5.982" classname="jpay.testcases.facility.SanityCheckProd"/>
</testsuite> <!-- jpay.testcases.facility.SanityCheckProd -->
