<?xml version="1.0" encoding="UTF-8"?>
<!-- Generated by org.testng.reporters.JUnitReportReporter -->
<testsuite skipped="0" hostname="MIRITDLTNILM1" name="jpay.testcases.facility.MonthlyTotalsReportPage" tests="6" failures="0" timestamp="24 Feb 2020 14:19:32 GMT" time="24.424" errors="0">
  <testcase name="validateMonthlyTotalsReportPage" time="6.904" classname="jpay.testcases.facility.MonthlyTotalsReportPage"/>
  <testcase name="generateMonthlyReport" time="5.575" classname="jpay.testcases.facility.MonthlyTotalsReportPage"/>
  <testcase name="downloadMonthlyReport" time="0.113" classname="jpay.testcases.facility.MonthlyTotalsReportPage"/>
  <testcase name="validateWeeklyDepositReport" time="0.690" classname="jpay.testcases.facility.MonthlyTotalsReportPage"/>
  <testcase name="viewWeeklyDepositReport" time="10.863" classname="jpay.testcases.facility.MonthlyTotalsReportPage"/>
  <testcase name="downWeeklyDepositReport" time="0.279" classname="jpay.testcases.facility.MonthlyTotalsReportPage"/>
</testsuite> <!-- jpay.testcases.facility.MonthlyTotalsReportPage -->
