<?xml version="1.0" encoding="UTF-8"?>
<!-- Generated by org.testng.reporters.JUnitReportReporter -->
<testsuite skipped="0" hostname="MIRITDLTNILM1" name="jpay.testcases.facility.LoginPage" tests="3" failures="0" timestamp="12 Mar 2020 13:37:38 GMT" time="10.375" errors="0">
  <testcase name="forgotPassword" time="7.911" classname="jpay.testcases.facility.LoginPage"/>
  <testcase name="forgotUserName" time="0.792" classname="jpay.testcases.facility.LoginPage"/>
  <testcase name="userLogin" time="1.672" classname="jpay.testcases.facility.LoginPage"/>
</testsuite> <!-- jpay.testcases.facility.LoginPage -->
