<?xml version="1.0" encoding="UTF-8"?>
<!-- Generated by org.testng.reporters.JUnitReportReporter -->
<testsuite skipped="0" hostname="MIRITDLTNILM1" name="jpay.testcases.facility.MoneyPage" tests="23" failures="0" timestamp="12 Mar 2020 13:37:38 GMT" time="124.045" errors="0">
  <testcase name="goToMoneyPage" time="8.256" classname="jpay.testcases.facility.MoneyPage"/>
  <testcase name="checkADepositHistoryBatch" time="1.408" classname="jpay.testcases.facility.MoneyPage"/>
  <testcase name="downloadAReport" time="1.056" classname="jpay.testcases.facility.MoneyPage"/>
  <testcase name="downloadAReceipt" time="12.275" classname="jpay.testcases.facility.MoneyPage"/>
  <testcase name="checkBookingKioskID" time="1.633" classname="jpay.testcases.facility.MoneyPage"/>
  <testcase name="checkBookingKioskIDBatch" time="0.882" classname="jpay.testcases.facility.MoneyPage"/>
  <testcase name="exportBookingKioskBatchExcel" time="0.803" classname="jpay.testcases.facility.MoneyPage"/>
  <testcase name="checkKioskActivityID" time="1.227" classname="jpay.testcases.facility.MoneyPage"/>
  <testcase name="checkKioskActivityBatchID" time="0.137" classname="jpay.testcases.facility.MoneyPage"/>
  <testcase name="exportKioskActivityBatchExcel" time="0.673" classname="jpay.testcases.facility.MoneyPage"/>
  <testcase name="showRecapReport" time="14.782" classname="jpay.testcases.facility.MoneyPage"/>
  <testcase name="searchByInmateID" time="7.074" classname="jpay.testcases.facility.MoneyPage"/>
  <testcase name="searchByInmateFullName" time="6.704" classname="jpay.testcases.facility.MoneyPage"/>
  <testcase name="searchByCustomerFirstName" time="6.777" classname="jpay.testcases.facility.MoneyPage"/>
  <testcase name="searchByCustomerLastName" time="6.725" classname="jpay.testcases.facility.MoneyPage"/>
  <testcase name="searchByCustomerFullName" time="6.821" classname="jpay.testcases.facility.MoneyPage"/>
  <testcase name="searchByCustomerAccountID" time="6.675" classname="jpay.testcases.facility.MoneyPage"/>
  <testcase name="searchByBatchNumber" time="6.879" classname="jpay.testcases.facility.MoneyPage"/>
  <testcase name="searchByReferenceNumber" time="6.845" classname="jpay.testcases.facility.MoneyPage"/>
  <testcase name="searchByTransactionNumber" time="6.702" classname="jpay.testcases.facility.MoneyPage"/>
  <testcase name="userLogoutFacility" time="0.157" classname="jpay.testcases.facility.MoneyPage"/>
  <testcase name="generateMonthlyReport" time="7.527" classname="jpay.testcases.facility.MoneyPage"/>
  <testcase name="generateWeeklyDepositReport" time="12.027" classname="jpay.testcases.facility.MoneyPage"/>
</testsuite> <!-- jpay.testcases.facility.MoneyPage -->
